<?xml version="1.0" encoding="UTF-8"?>
<testsuite name="StatcCollector.example.StatcCollecto.StatcCollecto2ApplicationTests" tests="1" skipped="0" failures="0" errors="0" timestamp="2024-07-19T06:15:53" hostname="Admins-MacBook-Pro.local" time="0.559">
  <properties/>
  <testcase name="contextLoads()" classname="StatcCollector.example.StatcCollecto.StatcCollecto2ApplicationTests" time="0.559"/>
  <system-out><![CDATA[11:45:48.510 [Test worker] INFO org.springframework.test.context.support.AnnotationConfigContextLoaderUtils -- Could not detect default configuration classes for test class [StatcCollector.example.StatcCollecto.StatcCollecto2ApplicationTests]: StatcCollecto2ApplicationTests does not declare any static, non-private, non-final, nested classes annotated with @Configuration.
11:45:48.710 [Test worker] INFO org.springframework.boot.test.context.SpringBootTestContextBootstrapper -- Found @SpringBootConfiguration StatcCollector.example.StatcCollecto.StatcCollecto2Application for test class StatcCollector.example.StatcCollecto.StatcCollecto2ApplicationTests

  .   ____          _            __ _ _
 /\\ / ___'_ __ _ _(_)_ __  __ _ \ \ \ \
( ( )\___ | '_ | '_| | '_ \/ _` | \ \ \ \
 \\/  ___)| |_)| | | | | || (_| |  ) ) ) )
  '  |____| .__|_| |_|_| |_\__, | / / / /
 =========|_|==============|___/=/_/_/_/

 :: Spring Boot ::                (v3.3.2)

2024-07-19T11:45:49.265+05:30  INFO 48735 --- [StatcCollecto2] [    Test worker] S.e.S.StatcCollecto2ApplicationTests     : Starting StatcCollecto2ApplicationTests using Java 17.0.10 with PID 48735 (started by yashi  in /Users/in-yashi/Desktop/untitled folder 2/StatcCollecto)
2024-07-19T11:45:49.267+05:30  INFO 48735 --- [StatcCollecto2] [    Test worker] S.e.S.StatcCollecto2ApplicationTests     : No active profile set, falling back to 1 default profile: "default"
2024-07-19T11:45:49.824+05:30  INFO 48735 --- [StatcCollecto2] [    Test worker] .s.d.r.c.RepositoryConfigurationDelegate : Bootstrapping Spring Data JPA repositories in DEFAULT mode.
2024-07-19T11:45:49.877+05:30  INFO 48735 --- [StatcCollecto2] [    Test worker] .s.d.r.c.RepositoryConfigurationDelegate : Finished Spring Data repository scanning in 44 ms. Found 1 JPA repository interface.
2024-07-19T11:45:50.584+05:30  INFO 48735 --- [StatcCollecto2] [    Test worker] o.hibernate.jpa.internal.util.LogHelper  : HHH000204: Processing PersistenceUnitInfo [name: default]
2024-07-19T11:45:50.645+05:30  INFO 48735 --- [StatcCollecto2] [    Test worker] org.hibernate.Version                    : HHH000412: Hibernate ORM core version 6.5.2.Final
2024-07-19T11:45:50.680+05:30  INFO 48735 --- [StatcCollecto2] [    Test worker] o.h.c.internal.RegionFactoryInitiator    : HHH000026: Second-level cache disabled
2024-07-19T11:45:50.991+05:30  INFO 48735 --- [StatcCollecto2] [    Test worker] o.s.o.j.p.SpringPersistenceUnitInfo      : No LoadTimeWeaver setup: ignoring JPA class transformer
2024-07-19T11:45:51.021+05:30  INFO 48735 --- [StatcCollecto2] [    Test worker] com.zaxxer.hikari.HikariDataSource       : HikariPool-1 - Starting...
2024-07-19T11:45:51.815+05:30  INFO 48735 --- [StatcCollecto2] [    Test worker] com.zaxxer.hikari.pool.HikariPool        : HikariPool-1 - Added connection com.mysql.cj.jdbc.ConnectionImpl@3cbfdf5c
2024-07-19T11:45:51.818+05:30  INFO 48735 --- [StatcCollecto2] [    Test worker] com.zaxxer.hikari.HikariDataSource       : HikariPool-1 - Start completed.
2024-07-19T11:45:51.915+05:30  WARN 48735 --- [StatcCollecto2] [    Test worker] org.hibernate.orm.deprecation            : HHH90000025: MySQL8Dialect does not need to be specified explicitly using 'hibernate.dialect' (remove the property setting and it will be selected by default)
2024-07-19T11:45:51.916+05:30  WARN 48735 --- [StatcCollecto2] [    Test worker] org.hibernate.orm.deprecation            : HHH90000026: MySQL8Dialect has been deprecated; use org.hibernate.dialect.MySQLDialect instead
2024-07-19T11:45:52.867+05:30  INFO 48735 --- [StatcCollecto2] [    Test worker] o.h.e.t.j.p.i.JtaPlatformInitiator       : HHH000489: No JTA platform available (set 'hibernate.transaction.jta.platform' to enable JTA platform integration)
2024-07-19T11:45:52.968+05:30  INFO 48735 --- [StatcCollecto2] [    Test worker] j.LocalContainerEntityManagerFactoryBean : Initialized JPA EntityManagerFactory for persistence unit 'default'
2024-07-19T11:45:53.406+05:30  WARN 48735 --- [StatcCollecto2] [    Test worker] JpaBaseConfiguration$JpaWebConfiguration : spring.jpa.open-in-view is enabled by default. Therefore, database queries may be performed during view rendering. Explicitly configure spring.jpa.open-in-view to disable this warning
2024-07-19T11:45:53.913+05:30  INFO 48735 --- [StatcCollecto2] [    Test worker] S.e.S.StatcCollecto2ApplicationTests     : Started StatcCollecto2ApplicationTests in 4.941 seconds (process running for 6.533)
]]></system-out>
  <system-err><![CDATA[]]></system-err>
</testsuite>
